0 info it worked if it ends with ok
1 verbose cli [ '/Users/xiangweiping103/.nvm/versions/node/v6.15.1/bin/node',
1 verbose cli   '/Users/xiangweiping103/.nvm/versions/node/v6.15.1/bin/npm',
1 verbose cli   'publish' ]
2 info using npm@3.10.10
3 info using node@v6.15.1
4 verbose publish [ '.' ]
5 silly cache add args [ '.', null ]
6 verbose cache add spec .
7 silly cache add parsed spec Result {
7 silly cache add   raw: '.',
7 silly cache add   scope: null,
7 silly cache add   escapedName: null,
7 silly cache add   name: null,
7 silly cache add   rawSpec: '.',
7 silly cache add   spec: '/Users/xiangweiping103/work/test-lerna/packages/record',
7 silly cache add   type: 'directory' }
8 verbose addLocalDirectory /Users/xiangweiping103/.npm/@test-lerna/record/0.0.4/package.tgz not in flight; packing
9 verbose correctMkdir /Users/xiangweiping103/.npm correctMkdir not in flight; initializing
10 info lifecycle @test-lerna/record@0.0.4~prepublish: @test-lerna/record@0.0.4
11 silly lifecycle @test-lerna/record@0.0.4~prepublish: no script for prepublish, continuing
12 verbose tar pack [ '/Users/xiangweiping103/.npm/@test-lerna/record/0.0.4/package.tgz',
12 verbose tar pack   '/Users/xiangweiping103/work/test-lerna/packages/record' ]
13 verbose tarball /Users/xiangweiping103/.npm/@test-lerna/record/0.0.4/package.tgz
14 verbose folder /Users/xiangweiping103/work/test-lerna/packages/record
15 verbose addLocalTarball adding from inside cache /Users/xiangweiping103/.npm/@test-lerna/record/0.0.4/package.tgz
16 verbose correctMkdir /Users/xiangweiping103/.npm correctMkdir not in flight; initializing
17 silly cache afterAdd @test-lerna/record@0.0.4
18 verbose afterAdd /Users/xiangweiping103/.npm/@test-lerna/record/0.0.4/package/package.json not in flight; writing
19 verbose correctMkdir /Users/xiangweiping103/.npm correctMkdir not in flight; initializing
20 verbose afterAdd /Users/xiangweiping103/.npm/@test-lerna/record/0.0.4/package/package.json written
21 silly publish { name: '@test-lerna/record',
21 silly publish   version: '0.0.4',
21 silly publish   description: '> TODO: description',
21 silly publish   author:
21 silly publish    { name: 'xiangweiping103',
21 silly publish      email: 'xiangweiping103@pingan.com.cn' },
21 silly publish   homepage: '',
21 silly publish   license: 'ISC',
21 silly publish   private: true,
21 silly publish   main: 'lib/record.js',
21 silly publish   directories: { lib: 'lib', test: '__tests__' },
21 silly publish   files: [ 'lib' ],
21 silly publish   dependencies: { '@test-lerna/base-request': '^0.0.4' },
21 silly publish   readme: '# `record`\n\n> TODO: description\n\n## Usage\n\n```\nconst record = require(\'record\');\n\n// TODO: DEMONSTRATE API\n```\n',
21 silly publish   readmeFilename: 'README.md',
21 silly publish   _id: '@test-lerna/record@0.0.4',
21 silly publish   scripts: {},
21 silly publish   _shasum: 'dfbce6a58dc1e504f474d9a3f1cd1ac2959296ef',
21 silly publish   _from: '.' }
22 verbose getPublishConfig undefined
23 verbose stack Error: This package has been marked as private
23 verbose stack Remove the 'private' field from the package.json to publish it.
23 verbose stack     at publish_ (/Users/xiangweiping103/.nvm/versions/node/v6.15.1/lib/node_modules/npm/lib/publish.js:101:15)
23 verbose stack     at Array.<anonymous> (/Users/xiangweiping103/.nvm/versions/node/v6.15.1/lib/node_modules/npm/node_modules/slide/lib/bind-actor.js:15:8)
23 verbose stack     at LOOP (/Users/xiangweiping103/.nvm/versions/node/v6.15.1/lib/node_modules/npm/node_modules/slide/lib/chain.js:15:14)
23 verbose stack     at LOOP (/Users/xiangweiping103/.nvm/versions/node/v6.15.1/lib/node_modules/npm/node_modules/slide/lib/chain.js:14:28)
23 verbose stack     at chain (/Users/xiangweiping103/.nvm/versions/node/v6.15.1/lib/node_modules/npm/node_modules/slide/lib/chain.js:20:5)
23 verbose stack     at /Users/xiangweiping103/.nvm/versions/node/v6.15.1/lib/node_modules/npm/lib/publish.js:73:5
23 verbose stack     at RES (/Users/xiangweiping103/.nvm/versions/node/v6.15.1/lib/node_modules/npm/node_modules/inflight/inflight.js:23:14)
23 verbose stack     at f (/Users/xiangweiping103/.nvm/versions/node/v6.15.1/lib/node_modules/npm/node_modules/once/once.js:25:25)
23 verbose stack     at /Users/xiangweiping103/.nvm/versions/node/v6.15.1/lib/node_modules/npm/lib/cache.js:363:16
23 verbose stack     at /Users/xiangweiping103/.nvm/versions/node/v6.15.1/lib/node_modules/npm/node_modules/write-file-atomic/index.js:50:11
24 verbose cwd /Users/xiangweiping103/work/test-lerna/packages/record
25 error Darwin 16.7.0
26 error argv "/Users/xiangweiping103/.nvm/versions/node/v6.15.1/bin/node" "/Users/xiangweiping103/.nvm/versions/node/v6.15.1/bin/npm" "publish"
27 error node v6.15.1
28 error npm  v3.10.10
29 error This package has been marked as private
29 error Remove the 'private' field from the package.json to publish it.
30 error If you need help, you may report this error at:
30 error     <https://github.com/npm/npm/issues>
31 verbose exit [ 1, true ]
